<?xml version="1.0" encoding="UTF-8"?>
<!-- Generated by org.testng.reporters.JUnitReportReporter -->
<testsuite skipped="0" hostname="Jimbis-MacBook-Pro.local" name="runners.runner" tests="1" failures="0" timestamp="13 Aug 2020 12:09:00 GMT" time="1.562" errors="1">
  <testcase name="ApiTesting" time="1.562" classname="runners.runner">
    <error type="java.net.ConnectException" message="Connection refused (Connection refused)">
      <![CDATA[java.net.ConnectException: Connection refused (Connection refused)at org.apache.http.conn.scheme.PlainSocketFactory.connectSocket(PlainSocketFactory.java:121)at org.apache.http.impl.conn.DefaultClientConnectionOperator.openConnection(DefaultClientConnectionOperator.java:180)at org.apache.http.impl.conn.ManagedClientConnectionImpl.open(ManagedClientConnectionImpl.java:326)at org.apache.http.impl.client.DefaultRequestDirector.tryConnect(DefaultRequestDirector.java:610)at org.apache.http.impl.client.DefaultRequestDirector.execute(DefaultRequestDirector.java:445)at org.apache.http.impl.client.AbstractHttpClient.doExecute(AbstractHttpClient.java:835)at org.apache.http.impl.client.CloseableHttpClient.execute(CloseableHttpClient.java:83)at org.apache.http.impl.client.CloseableHttpClient.execute(CloseableHttpClient.java:56)at groovy.lang.MetaMethod.doMethodInvoke(MetaMethod.java:326)at groovy.lang.MetaClassImpl.invokeMethod(MetaClassImpl.java:1217)at groovy.lang.MetaClassImpl.invokeMethod(MetaClassImpl.java:1041)at groovy.lang.MetaClassImpl.invokeMethod(MetaClassImpl.java:821)at groovy.lang.MetaMethod.doMethodInvoke(MetaMethod.java:326)at groovy.lang.MetaClassImpl.invokeMethod(MetaClassImpl.java:1217)at groovy.lang.MetaClassImpl.invokeMethod(MetaClassImpl.java:1041)at groovy.lang.MetaClassImpl.invokeMethod(MetaClassImpl.java:821)at groovy.lang.MetaMethod.doMethodInvoke(MetaMethod.java:326)at groovy.lang.MetaClassImpl.invokeMethod(MetaClassImpl.java:1217)at groovy.lang.MetaClassImpl.invokeMethod(MetaClassImpl.java:1041)at groovy.lang.MetaClassImpl.invokeMethod(MetaClassImpl.java:821)at utils.ApiUtils.getResponsebyPath(ApiUtils.java:44)at TestDifinication.BasicApiTest.T01_StatusCodeTest(BasicApiTest.java:14)at runners.runner.ApiTesting(runner.java:19)]]>
    </error>
  </testcase> <!-- ApiTesting -->
</testsuite> <!-- runners.runner -->
