<?xml version="1.0" encoding="UTF-8"?>
<!-- Generated by org.testng.reporters.JUnitReportReporter -->
<testsuite skipped="0" hostname="QC-Teams-Mac-mini.local" name="runners.runner" tests="1" failures="0" timestamp="24 Aug 2020 07:32:21 GMT" time="2.980" errors="0">
  <testcase name="ApiTesting" time="2.980" classname="runners.runner"/>
</testsuite> <!-- runners.runner -->
