<?xml version="1.0" encoding="UTF-8"?>
<!-- Generated by org.testng.reporters.JUnitReportReporter -->
<testsuite skipped="0" hostname="Jimbis-MacBook-Pro.local" name="TestDifinication.BasicApiTest" tests="3" failures="0" timestamp="13 Aug 2020 11:20:39 GMT" time="8.557" errors="0">
  <testcase name="T03_GetAndroidModelPackageOptions" time="2.796" classname="TestDifinication.BasicApiTest"/>
  <testcase name="T01_StatusCodeTest" time="3.030" classname="TestDifinication.BasicApiTest"/>
  <testcase name="T02_GetClients" time="2.731" classname="TestDifinication.BasicApiTest"/>
</testsuite> <!-- TestDifinication.BasicApiTest -->
